<?xml version="1.0" encoding="UTF-8"?>
<!-- Generated by org.testng.reporters.JUnitXMLReporter -->
<testsuite ignored="0" hostname="MSI" failures="1" tests="1" name="Test cho chắc năng đăng nhập 2 " time="56.423" errors="0" timestamp="2022-05-29T14:35:53 ICT">
  <testcase classname="Flows.login" name="regesterUser" time="30.245">
    <failure type="java.lang.AssertionError" message="expected [true] but found [false]">
      <![CDATA[java.lang.AssertionError: expected [true] but found [false]
at Flows.login.regesterUser(login.java:33)
at java.base/java.util.ArrayList.forEach(ArrayList.java:1511)
... Removed 31 stack frames]]>
    </failure>
  </testcase> <!-- regesterUser -->
</testsuite> <!-- Test cho chắc năng đăng nhập 2  -->
