<?xml version="1.0" encoding="UTF-8"?>
<!-- Generated by org.testng.reporters.JUnitXMLReporter -->
<testsuite ignored="0" hostname="MSI" failures="1" tests="1" name="Test2" time="45.49" errors="0" timestamp="2022-03-14T12:54:59 ICT">
  <testcase classname="Flows.login" name="regesterUser" time="30.083">
    <failure type="java.lang.AssertionError" message="expected [true] but found [false]">
      <![CDATA[java.lang.AssertionError: expected [true] but found [false]
at Flows.login.regesterUser(login.java:33)
at java.base/java.util.ArrayList.forEach(ArrayList.java:1511)
... Removed 31 stack frames]]>
    </failure>
  </testcase> <!-- regesterUser -->
</testsuite> <!-- Test2 -->
