<?xml version="1.0" encoding="UTF-8"?>
<testng-results ignored="0" total="1" passed="1" failed="0" skipped="0">
  <reporter-output>
  </reporter-output>
  <suite started-at="2022-07-07T22:56:14 ICT" name="Test login in Admin" finished-at="2022-07-07T22:56:47 ICT" duration-ms="32593">
    <groups>
    </groups>
    <test started-at="2022-07-07T22:56:14 ICT" name="Test cho chức năng đăng nhập 1" finished-at="2022-07-07T22:56:47 ICT" duration-ms="32593">
      <class name="Flows.LoginFacebook">
        <test-method is-config="true" signature="BeforeSuite(org.testng.ITestContext)[pri:0, instance:Flows.LoginFacebook@33d512c1]" started-at="2022-07-07T22:56:14 ICT" name="BeforeSuite" finished-at="2022-07-07T22:56:14 ICT" duration-ms="401" status="PASS">
          <params>
            <param index="0">
              <value>
                <![CDATA[org.testng.TestRunner@56cc9f29]]>
              </value>
            </param>
          </params>
          <reporter-output>
          </reporter-output>
        </test-method> <!-- BeforeSuite -->
        <test-method is-config="true" signature="beforeTest(org.testng.ITestContext,java.lang.String,java.lang.String,java.lang.String)[pri:0, instance:Flows.LoginFacebook@33d512c1]" started-at="2022-07-07T22:56:14 ICT" name="beforeTest" finished-at="2022-07-07T22:56:18 ICT" duration-ms="3479" status="PASS">
          <params>
            <param index="0">
              <value>
                <![CDATA[org.testng.TestRunner@56cc9f29]]>
              </value>
            </param>
            <param index="1">
              <value>
                <![CDATA[web]]>
              </value>
            </param>
            <param index="2">
              <value>
                <![CDATA[https://www.facebook.com/]]>
              </value>
            </param>
            <param index="3">
              <value>
                <![CDATA[chrome]]>
              </value>
            </param>
          </params>
          <reporter-output>
          </reporter-output>
        </test-method> <!-- beforeTest -->
        <test-method is-config="true" signature="beforeMethod(org.testng.ITestContext,java.lang.reflect.Method,java.lang.String,java.lang.String)[pri:0, instance:Flows.LoginFacebook@33d512c1]" started-at="2022-07-07T22:56:18 ICT" name="beforeMethod" finished-at="2022-07-07T22:56:19 ICT" duration-ms="198" status="PASS">
          <params>
            <param index="0">
              <value>
                <![CDATA[org.testng.TestRunner@56cc9f29]]>
              </value>
            </param>
            <param index="1">
              <value>
                <![CDATA[public void Flows.LoginFacebook.testForLoginPage(java.lang.String,java.lang.String,java.lang.String,java.lang.String,java.lang.String)]]>
              </value>
            </param>
            <param index="2">
              <value>
                <![CDATA[Test login facebook ]]>
              </value>
            </param>
            <param index="3">
              <value>
                <![CDATA[chrome]]>
              </value>
            </param>
          </params>
          <reporter-output>
          </reporter-output>
        </test-method> <!-- beforeMethod -->
        <test-method signature="testForLoginPage(java.lang.String,java.lang.String,java.lang.String,java.lang.String,java.lang.String)[pri:1, instance:Flows.LoginFacebook@33d512c1]" started-at="2022-07-07T22:56:19 ICT" name="testForLoginPage" data-provider="login" finished-at="2022-07-07T22:56:41 ICT" duration-ms="22553" status="PASS">
          <params>
            <param index="0">
              <value>
                <![CDATA[1]]>
              </value>
            </param>
            <param index="1">
              <value>
                <![CDATA[login]]>
              </value>
            </param>
            <param index="2">
              <value>
                <![CDATA[]]>
              </value>
            </param>
            <param index="3">
              <value>
                <![CDATA[]]>
              </value>
            </param>
            <param index="4">
              <value>
                <![CDATA[The email address or mobile number you entered isn't connected to an account. ]]>
              </value>
            </param>
          </params>
          <reporter-output>
          </reporter-output>
        </test-method> <!-- testForLoginPage -->
        <test-method is-config="true" signature="afterMethod(org.testng.ITestContext,org.testng.ITestResult,java.lang.String)[pri:0, instance:Flows.LoginFacebook@33d512c1]" started-at="2022-07-07T22:56:41 ICT" name="afterMethod" finished-at="2022-07-07T22:56:47 ICT" duration-ms="5533" status="PASS">
          <params>
            <param index="0">
              <value>
                <![CDATA[org.testng.TestRunner@56cc9f29]]>
              </value>
            </param>
            <param index="1">
              <value>
                <![CDATA[[TestResult name=testForLoginPage status=SUCCESS method=LoginFacebook.testForLoginPage(java.lang.String,java.lang.String,java.lang.String,java.lang.String,java.lang.String)[pri:1, instance:Flows.LoginFacebook@33d512c1] output={null}]]]>
              </value>
            </param>
            <param index="2">
              <value>
                <![CDATA[web]]>
              </value>
            </param>
          </params>
          <reporter-output>
          </reporter-output>
        </test-method> <!-- afterMethod -->
        <test-method is-config="true" signature="afterTest(java.lang.String)[pri:0, instance:Flows.LoginFacebook@33d512c1]" started-at="2022-07-07T22:56:47 ICT" name="afterTest" finished-at="2022-07-07T22:56:47 ICT" duration-ms="219" status="PASS">
          <params>
            <param index="0">
              <value>
                <![CDATA[web]]>
              </value>
            </param>
          </params>
          <reporter-output>
          </reporter-output>
        </test-method> <!-- afterTest -->
        <test-method is-config="true" signature="afterSuite(org.testng.ITestContext)[pri:0, instance:Flows.LoginFacebook@33d512c1]" started-at="2022-07-07T22:56:47 ICT" name="afterSuite" finished-at="2022-07-07T22:56:48 ICT" duration-ms="633" status="PASS">
          <params>
            <param index="0">
              <value>
                <![CDATA[org.testng.TestRunner@56cc9f29]]>
              </value>
            </param>
          </params>
          <reporter-output>
          </reporter-output>
        </test-method> <!-- afterSuite -->
      </class> <!-- Flows.LoginFacebook -->
    </test> <!-- Test cho chức năng đăng nhập 1 -->
  </suite> <!-- Test login in Admin -->
</testng-results>
